
	Welcome to the xv6 Scheduler Simulator!

PROCESS 0 RUNNABLE 'WORKSLEEP' prio: 42
 CPU
 CPU
 CPU
 WAIT
 CPU
 CPU
 CPU
 WAIT
 EXIT
PROCESS 1 RUNNABLE 'WORKWAKE_A' prio: 42
 CPU
 CPU
 CPU
 WAKE(0)
 EXIT
PROCESS 2 RUNNABLE 'WORKWAKE_B' prio: 42
 CPU
 CPU
 CPU
 KILL(0)
 EXIT
RUN: WORKSLEEP doing CPU
RUN: WORKWAKE_A doing CPU
RUN: WORKWAKE_B doing CPU
RUN: WORKSLEEP doing CPU
RUN: WORKWAKE_A doing CPU
RUN: WORKWAKE_B doing CPU
RUN: WORKSLEEP doing CPU
RUN: WORKWAKE_A doing CPU
RUN: WORKWAKE_B doing CPU
RUN: WORKSLEEP doing WAIT
RUN: WORKWAKE_A doing WAKE(0)
RUN: WORKWAKE_B doing KILL(0)
RUN: WORKWAKE_A doing EXIT
RUN: WORKWAKE_B doing EXIT
No RUNNABLE process!
